# JRE version: Java(TM) SE Runtime Environment (8.0_171-b11) (build 1.8.0_171-b11)
# Java VM: Java HotSpot(TM) 64-Bit Server VM (25.171-b11 mixed mode linux-amd64 compressed oops)
Heap:
 PSYoungGen      total 1025024K, used 207K [0x000000076d300000, 0x00000007aee80000, 0x00000007c0000000)
  eden space 973312K, 0% used [0x000000076d300000,0x000000076d300000,0x00000007a8980000)
  from space 51712K, 0% used [0x00000007a8980000,0x00000007a89b3eb0,0x00000007abc00000)
  to   space 42496K, 0% used [0x00000007ac500000,0x00000007ac500000,0x00000007aee80000)
 ParOldGen       total 335360K, used 130942K [0x00000006c7800000, 0x00000006dbf80000, 0x000000076d300000)
  object space 335360K, 39% used [0x00000006c7800000,0x00000006cf7df920,0x00000006dbf80000)
 Metaspace       used 120889K, capacity 121328K, committed 121944K, reserved 1157120K
  class space    used 14204K, capacity 14331K, committed 14424K, reserved 1048576K
GC Heap History (10 events):
Event: 11.292 GC heap after
Heap after GC invocations=22 (full 4):
 PSYoungGen      total 555008K, used 0K [0x000000076d300000, 0x0000000791400000, 0x00000007c0000000)
  eden space 530432K, 0% used [0x000000076d300000,0x000000076d300000,0x000000078d900000)
  from space 24576K, 0% used [0x000000078fc00000,0x000000078fc00000,0x0000000791400000)
  to   space 30208K, 0% used [0x000000078d900000,0x000000078d900000,0x000000078f680000)
 ParOldGen       total 335360K, used 42534K [0x00000006c7800000, 0x00000006dbf80000, 0x000000076d300000)
  object space 335360K, 12% used [0x00000006c7800000,0x00000006ca189b00,0x00000006dbf80000)
 Metaspace       used 97561K, capacity 97914K, committed 98280K, reserved 1136640K
  class space    used 11408K, capacity 11525K, committed 11608K, reserved 1048576K
}
Event: 16.488 GC heap before
{Heap before GC invocations=23 (full 4):
 PSYoungGen      total 555008K, used 530432K [0x000000076d300000, 0x0000000791400000, 0x00000007c0000000)
  eden space 530432K, 100% used [0x000000076d300000,0x000000078d900000,0x000000078d900000)
  from space 24576K, 0% used [0x000000078fc00000,0x000000078fc00000,0x0000000791400000)
  to   space 30208K, 0% used [0x000000078d900000,0x000000078d900000,0x000000078f680000)
 ParOldGen       total 335360K, used 42534K [0x00000006c7800000, 0x00000006dbf80000, 0x000000076d300000)
  object space 335360K, 12% used [0x00000006c7800000,0x00000006ca189b00,0x00000006dbf80000)
 Metaspace       used 116500K, capacity 116920K, committed 117336K, reserved 1153024K
  class space    used 13719K, capacity 13869K, committed 13912K, reserved 1048576K
Event: 19.246 GC heap after
Heap after GC invocations=23 (full 4):
 PSYoungGen      total 560640K, used 30193K [0x000000076d300000, 0x000000079f980000, 0x00000007c0000000)
  eden space 530432K, 0% used [0x000000076d300000,0x000000076d300000,0x000000078d900000)
  from space 30208K, 99% used [0x000000078d900000,0x000000078f67c7e0,0x000000078f680000)
  to   space 52736K, 0% used [0x000000079c600000,0x000000079c600000,0x000000079f980000)
 ParOldGen       total 335360K, used 91471K [0x00000006c7800000, 0x00000006dbf80000, 0x000000076d300000)
  object space 335360K, 27% used [0x00000006c7800000,0x00000006cd153d88,0x00000006dbf80000)
 Metaspace       used 116500K, capacity 116920K, committed 117336K, reserved 1153024K
  class space    used 13719K, capacity 13869K, committed 13912K, reserved 1048576K
}
Event: 19.582 GC heap before
{Heap before GC invocations=24 (full 4):
 PSYoungGen      total 560640K, used 560625K [0x000000076d300000, 0x000000079f980000, 0x00000007c0000000)
  eden space 530432K, 100% used [0x000000076d300000,0x000000078d900000,0x000000078d900000)
  from space 30208K, 99% used [0x000000078d900000,0x000000078f67c7e0,0x000000078f680000)
  to   space 52736K, 0% used [0x000000079c600000,0x000000079c600000,0x000000079f980000)
 ParOldGen       total 335360K, used 91471K [0x00000006c7800000, 0x00000006dbf80000, 0x000000076d300000)
  object space 335360K, 27% used [0x00000006c7800000,0x00000006cd153d88,0x00000006dbf80000)
 Metaspace       used 116614K, capacity 116984K, committed 117592K, reserved 1153024K
  class space    used 13731K, capacity 13869K, committed 13912K, reserved 1048576K
Event: 19.655 GC heap after
Heap after GC invocations=24 (full 4):
 PSYoungGen      total 772096K, used 30574K [0x000000076d300000, 0x000000079f980000, 0x00000007c0000000)
  eden space 719360K, 0% used [0x000000076d300000,0x000000076d300000,0x0000000799180000)
  from space 52736K, 57% used [0x000000079c600000,0x000000079e3db998,0x000000079f980000)
  to   space 53248K, 0% used [0x0000000799180000,0x0000000799180000,0x000000079c580000)
 ParOldGen       total 335360K, used 91479K [0x00000006c7800000, 0x00000006dbf80000, 0x000000076d300000)
  object space 335360K, 27% used [0x00000006c7800000,0x00000006cd155d88,0x00000006dbf80000)
 Metaspace       used 116614K, capacity 116984K, committed 117592K, reserved 1153024K
  class space    used 13731K, capacity 13869K, committed 13912K, reserved 1048576K
}
Event: 19.869 GC heap before
{Heap before GC invocations=25 (full 4):
 PSYoungGen      total 772096K, used 749934K [0x000000076d300000, 0x000000079f980000, 0x00000007c0000000)
  eden space 719360K, 100% used [0x000000076d300000,0x0000000799180000,0x0000000799180000)
  from space 52736K, 57% used [0x000000079c600000,0x000000079e3db998,0x000000079f980000)
  to   space 53248K, 0% used [0x0000000799180000,0x0000000799180000,0x000000079c580000)
 ParOldGen       total 335360K, used 91479K [0x00000006c7800000, 0x00000006dbf80000, 0x000000076d300000)
  object space 335360K, 27% used [0x00000006c7800000,0x00000006cd155d88,0x00000006dbf80000)
 Metaspace       used 117245K, capacity 117592K, committed 118104K, reserved 1153024K
  class space    used 13780K, capacity 13901K, committed 13912K, reserved 1048576K
Event: 19.952 GC heap after
Heap after GC invocations=25 (full 4):
 PSYoungGen      total 772608K, used 30880K [0x000000076d300000, 0x00000007af980000, 0x00000007c0000000)
  eden space 719360K, 0% used [0x000000076d300000,0x000000076d300000,0x0000000799180000)
  from space 53248K, 57% used [0x0000000799180000,0x000000079afa8208,0x000000079c580000)
  to   space 53760K, 0% used [0x00000007ac500000,0x00000007ac500000,0x00000007af980000)
 ParOldGen       total 335360K, used 91487K [0x00000006c7800000, 0x00000006dbf80000, 0x000000076d300000)
  object space 335360K, 27% used [0x00000006c7800000,0x00000006cd157d88,0x00000006dbf80000)
 Metaspace       used 117245K, capacity 117592K, committed 118104K, reserved 1153024K
  class space    used 13780K, capacity 13901K, committed 13912K, reserved 1048576K
}
Event: 22.994 GC heap before
{Heap before GC invocations=26 (full 4):
 PSYoungGen      total 772608K, used 750170K [0x000000076d300000, 0x00000007af980000, 0x00000007c0000000)
  eden space 719360K, 99% used [0x000000076d300000,0x000000079916e658,0x0000000799180000)
  from space 53248K, 57% used [0x0000000799180000,0x000000079afa8208,0x000000079c580000)
  to   space 53760K, 0% used [0x00000007ac500000,0x00000007ac500000,0x00000007af980000)
 ParOldGen       total 335360K, used 91487K [0x00000006c7800000, 0x00000006dbf80000, 0x000000076d300000)
  object space 335360K, 27% used [0x00000006c7800000,0x00000006cd157d88,0x00000006dbf80000)
 Metaspace       used 120888K, capacity 121328K, committed 121944K, reserved 1157120K
  class space    used 14204K, capacity 14331K, committed 14424K, reserved 1048576K
Event: 23.028 GC heap after
Heap after GC invocations=26 (full 4):
 PSYoungGen      total 1015808K, used 14045K [0x000000076d300000, 0x00000007aee80000, 0x00000007c0000000)
  eden space 973312K, 0% used [0x000000076d300000,0x000000076d300000,0x00000007a8980000)
  from space 42496K, 33% used [0x00000007ac500000,0x00000007ad2b7750,0x00000007aee80000)
  to   space 51712K, 0% used [0x00000007a8980000,0x00000007a8980000,0x00000007abc00000)
 ParOldGen       total 335360K, used 120852K [0x00000006c7800000, 0x00000006dbf80000, 0x000000076d300000)
  object space 335360K, 36% used [0x00000006c7800000,0x00000006cee05148,0x00000006dbf80000)
 Metaspace       used 120888K, capacity 121328K, committed 121944K, reserved 1157120K
  class space    used 14204K, capacity 14331K, committed 14424K, reserved 1048576K
}
Event: 23.243 GC heap before
{Heap before GC invocations=27 (full 4):
 PSYoungGen      total 1015808K, used 987337K [0x000000076d300000, 0x00000007aee80000, 0x00000007c0000000)
  eden space 973312K, 99% used [0x000000076d300000,0x00000007a897afa0,0x00000007a8980000)
  from space 42496K, 33% used [0x00000007ac500000,0x00000007ad2b7750,0x00000007aee80000)
  to   space 51712K, 0% used [0x00000007a8980000,0x00000007a8980000,0x00000007abc00000)
 ParOldGen       total 335360K, used 120852K [0x00000006c7800000, 0x00000006dbf80000, 0x000000076d300000)
  object space 335360K, 36% used [0x00000006c7800000,0x00000006cee05148,0x00000006dbf80000)
 Metaspace       used 120889K, capacity 121328K, committed 121944K, reserved 1157120K
  class space    used 14204K, capacity 14331K, committed 14424K, reserved 1048576K

