# JRE version: Java(TM) SE Runtime Environment (8.0_171-b11) (build 1.8.0_171-b11)
# Java VM: Java HotSpot(TM) 64-Bit Server VM (25.171-b11 mixed mode linux-amd64 compressed oops)
Heap:
 PSYoungGen      total 1256448K, used 0K [0x000000076d300000, 0x00000007c0000000, 0x00000007c0000000)
  eden space 1153024K, 0% used [0x000000076d300000,0x000000076d300000,0x00000007b3900000)
  from space 103424K, 0% used [0x00000007b9b00000,0x00000007b9b00000,0x00000007c0000000)
  to   space 100352K, 0% used [0x00000007b3900000,0x00000007b3900000,0x00000007b9b00000)
 ParOldGen       total 626176K, used 126071K [0x00000006c7800000, 0x00000006edb80000, 0x000000076d300000)
  object space 626176K, 20% used [0x00000006c7800000,0x00000006cf31dc18,0x00000006edb80000)
 Metaspace       used 145589K, capacity 147044K, committed 154828K, reserved 1183744K
  class space    used 16794K, capacity 17109K, committed 20468K, reserved 1048576K
GC Heap History (10 events):
Event: 215.501 GC heap after
Heap after GC invocations=366 (full 12):
 PSYoungGen      total 1245696K, used 69997K [0x000000076d300000, 0x00000007c0000000, 0x00000007c0000000)
  eden space 1156096K, 0% used [0x000000076d300000,0x000000076d300000,0x00000007b3c00000)
  from space 89600K, 78% used [0x00000007b9f80000,0x00000007be3db5b8,0x00000007bf700000)
  to   space 100352K, 0% used [0x00000007b3c00000,0x00000007b3c00000,0x00000007b9e00000)
 ParOldGen       total 626176K, used 459708K [0x00000006c7800000, 0x00000006edb80000, 0x000000076d300000)
  object space 626176K, 73% used [0x00000006c7800000,0x00000006e38ef168,0x00000006edb80000)
 Metaspace       used 147801K, capacity 149420K, committed 154828K, reserved 1183744K
  class space    used 17526K, capacity 17901K, committed 20468K, reserved 1048576K
}
Event: 216.233 GC heap before
{Heap before GC invocations=367 (full 12):
 PSYoungGen      total 1245696K, used 1226093K [0x000000076d300000, 0x00000007c0000000, 0x00000007c0000000)
  eden space 1156096K, 100% used [0x000000076d300000,0x00000007b3c00000,0x00000007b3c00000)
  from space 89600K, 78% used [0x00000007b9f80000,0x00000007be3db5b8,0x00000007bf700000)
  to   space 100352K, 0% used [0x00000007b3c00000,0x00000007b3c00000,0x00000007b9e00000)
 ParOldGen       total 626176K, used 459708K [0x00000006c7800000, 0x00000006edb80000, 0x000000076d300000)
  object space 626176K, 73% used [0x00000006c7800000,0x00000006e38ef168,0x00000006edb80000)
 Metaspace       used 148002K, capacity 149636K, committed 154828K, reserved 1183744K
  class space    used 17593K, capacity 17973K, committed 20468K, reserved 1048576K
Event: 216.309 GC heap after
Heap after GC invocations=367 (full 12):
 PSYoungGen      total 1256448K, used 6150K [0x000000076d300000, 0x00000007c0000000, 0x00000007c0000000)
  eden space 1156096K, 0% used [0x000000076d300000,0x000000076d300000,0x00000007b3c00000)
  from space 100352K, 6% used [0x00000007b3c00000,0x00000007b4201ad0,0x00000007b9e00000)
  to   space 96768K, 0% used [0x00000007ba180000,0x00000007ba180000,0x00000007c0000000)
 ParOldGen       total 626176K, used 520284K [0x00000006c7800000, 0x00000006edb80000, 0x000000076d300000)
  object space 626176K, 83% used [0x00000006c7800000,0x00000006e7417010,0x00000006edb80000)
 Metaspace       used 148002K, capacity 149636K, committed 154828K, reserved 1183744K
  class space    used 17593K, capacity 17973K, committed 20468K, reserved 1048576K
}
Event: 217.495 GC heap before
{Heap before GC invocations=368 (full 12):
 PSYoungGen      total 1256448K, used 1162235K [0x000000076d300000, 0x00000007c0000000, 0x00000007c0000000)
  eden space 1156096K, 99% used [0x000000076d300000,0x00000007b3bfd278,0x00000007b3c00000)
  from space 100352K, 6% used [0x00000007b3c00000,0x00000007b4201ad0,0x00000007b9e00000)
  to   space 96768K, 0% used [0x00000007ba180000,0x00000007ba180000,0x00000007c0000000)
 ParOldGen       total 626176K, used 520284K [0x00000006c7800000, 0x00000006edb80000, 0x000000076d300000)
  object space 626176K, 83% used [0x00000006c7800000,0x00000006e7417010,0x00000006edb80000)
 Metaspace       used 148004K, capacity 149636K, committed 154828K, reserved 1183744K
  class space    used 17593K, capacity 17973K, committed 20468K, reserved 1048576K
Event: 217.523 GC heap after
Heap after GC invocations=368 (full 12):
 PSYoungGen      total 1245696K, used 5894K [0x000000076d300000, 0x00000007bf580000, 0x00000007c0000000)
  eden space 1159680K, 0% used [0x000000076d300000,0x000000076d300000,0x00000007b3f80000)
  from space 86016K, 6% used [0x00000007ba180000,0x00000007ba741ad0,0x00000007bf580000)
  to   space 93184K, 0% used [0x00000007b3f80000,0x00000007b3f80000,0x00000007b9a80000)
 ParOldGen       total 626176K, used 525405K [0x00000006c7800000, 0x00000006edb80000, 0x000000076d300000)
  object space 626176K, 83% used [0x00000006c7800000,0x00000006e7917660,0x00000006edb80000)
 Metaspace       used 148004K, capacity 149636K, committed 154828K, reserved 1183744K
  class space    used 17593K, capacity 17973K, committed 20468K, reserved 1048576K
}
Event: 218.804 GC heap before
{Heap before GC invocations=369 (full 12):
 PSYoungGen      total 1245696K, used 1165574K [0x000000076d300000, 0x00000007bf580000, 0x00000007c0000000)
  eden space 1159680K, 100% used [0x000000076d300000,0x00000007b3f80000,0x00000007b3f80000)
  from space 86016K, 6% used [0x00000007ba180000,0x00000007ba741ad0,0x00000007bf580000)
  to   space 93184K, 0% used [0x00000007b3f80000,0x00000007b3f80000,0x00000007b9a80000)
 ParOldGen       total 626176K, used 525405K [0x00000006c7800000, 0x00000006edb80000, 0x000000076d300000)
  object space 626176K, 83% used [0x00000006c7800000,0x00000006e7917660,0x00000006edb80000)
 Metaspace       used 148207K, capacity 149852K, committed 154828K, reserved 1183744K
  class space    used 17659K, capacity 18045K, committed 20468K, reserved 1048576K
Event: 218.891 GC heap after
Heap after GC invocations=369 (full 12):
 PSYoungGen      total 1252864K, used 69729K [0x000000076d300000, 0x00000007c0000000, 0x00000007c0000000)
  eden space 1159680K, 0% used [0x000000076d300000,0x000000076d300000,0x00000007b3f80000)
  from space 93184K, 74% used [0x00000007b3f80000,0x00000007b83984b8,0x00000007b9a80000)
  to   space 103424K, 0% used [0x00000007b9b00000,0x00000007b9b00000,0x00000007c0000000)
 ParOldGen       total 626176K, used 529581K [0x00000006c7800000, 0x00000006edb80000, 0x000000076d300000)
  object space 626176K, 84% used [0x00000006c7800000,0x00000006e7d2b5c0,0x00000006edb80000)
 Metaspace       used 148207K, capacity 149852K, committed 154828K, reserved 1183744K
  class space    used 17659K, capacity 18045K, committed 20468K, reserved 1048576K
}
Event: 219.106 GC heap before
{Heap before GC invocations=370 (full 12):
 PSYoungGen      total 1252864K, used 1229409K [0x000000076d300000, 0x00000007c0000000, 0x00000007c0000000)
  eden space 1159680K, 100% used [0x000000076d300000,0x00000007b3f80000,0x00000007b3f80000)
  from space 93184K, 74% used [0x00000007b3f80000,0x00000007b83984b8,0x00000007b9a80000)
  to   space 103424K, 0% used [0x00000007b9b00000,0x00000007b9b00000,0x00000007c0000000)
 ParOldGen       total 626176K, used 529581K [0x00000006c7800000, 0x00000006edb80000, 0x000000076d300000)
  object space 626176K, 84% used [0x00000006c7800000,0x00000006e7d2b5c0,0x00000006edb80000)
 Metaspace       used 148207K, capacity 149852K, committed 154828K, reserved 1183744K
  class space    used 17659K, capacity 18045K, committed 20468K, reserved 1048576K
Event: 219.174 GC heap after
Heap after GC invocations=370 (full 12):
 PSYoungGen      total 1256448K, used 597K [0x000000076d300000, 0x00000007c0000000, 0x00000007c0000000)
  eden space 1153024K, 0% used [0x000000076d300000,0x000000076d300000,0x00000007b3900000)
  from space 103424K, 0% used [0x00000007b9b00000,0x00000007b9b95748,0x00000007c0000000)
  to   space 100352K, 0% used [0x00000007b3900000,0x00000007b3900000,0x00000007b9b00000)
 ParOldGen       total 626176K, used 594551K [0x00000006c7800000, 0x00000006edb80000, 0x000000076d300000)
  object space 626176K, 94% used [0x00000006c7800000,0x00000006ebc9de08,0x00000006edb80000)
 Metaspace       used 148207K, capacity 149852K, committed 154828K, reserved 1183744K
  class space    used 17659K, capacity 18045K, committed 20468K, reserved 1048576K
}
Event: 219.185 GC heap before
{Heap before GC invocations=371 (full 13):
 PSYoungGen      total 1256448K, used 597K [0x000000076d300000, 0x00000007c0000000, 0x00000007c0000000)
  eden space 1153024K, 0% used [0x000000076d300000,0x000000076d300000,0x00000007b3900000)
  from space 103424K, 0% used [0x00000007b9b00000,0x00000007b9b95748,0x00000007c0000000)
  to   space 100352K, 0% used [0x00000007b3900000,0x00000007b3900000,0x00000007b9b00000)
 ParOldGen       total 626176K, used 594551K [0x00000006c7800000, 0x00000006edb80000, 0x000000076d300000)
  object space 626176K, 94% used [0x00000006c7800000,0x00000006ebc9de08,0x00000006edb80000)
 Metaspace       used 148207K, capacity 149852K, committed 154828K, reserved 1183744K
  class space    used 17659K, capacity 18045K, committed 20468K, reserved 1048576K

